<?xml version="1.0" encoding="UTF-8"?>
<testng-results ignored="0" total="1" passed="1" failed="0" skipped="0">
  <reporter-output>
  </reporter-output>
  <suite started-at="2026-02-28T15:23:35 IST" name="Default suite" finished-at="2026-02-28T15:23:41 IST" duration-ms="6368">
    <groups>
    </groups>
    <test started-at="2026-02-28T15:23:35 IST" name="Default test" finished-at="2026-02-28T15:23:41 IST" duration-ms="6368">
      <class name="jsonDynamic.jsonExternalFile">
        <test-method signature="jsonDynamic()[pri:0, instance:jsonDynamic.jsonExternalFile@4a22f9e2]" started-at="2026-02-28T15:23:35 IST" name="jsonDynamic" finished-at="2026-02-28T15:23:41 IST" duration-ms="6311" status="PASS">
          <reporter-output>
          </reporter-output>
        </test-method> <!-- jsonDynamic -->
      </class> <!-- jsonDynamic.jsonExternalFile -->
    </test> <!-- Default test -->
  </suite> <!-- Default suite -->
</testng-results>
