<?xml version="1.0" encoding="UTF-8"?>
<!-- Generated by org.testng.reporters.JUnitReportReporter -->
<testsuite hostname="PK-LAPTOP" failures="0" tests="3" name="jsonDynamic.jsonParameterize" time="14.653" errors="0" timestamp="2026-02-28T14:49:40 IST" skipped="0">
  <testcase classname="jsonDynamic.jsonParameterize" name="jsonDynamic" time="7.473"/>
  <system-out/>
  <testcase classname="jsonDynamic.jsonParameterize" name="jsonDynamic" time="3.198"/>
  <system-out/>
  <testcase classname="jsonDynamic.jsonParameterize" name="jsonDynamic" time="3.982"/>
  <system-out/>
</testsuite> <!-- jsonDynamic.jsonParameterize -->
